16	0	bike_s_000682.png
30	0	bike_s_000127.png
130	0	cycle_s_002598.png
152	1	minibike_s_000824.png
195	1	motorcycle_s_001856.png
219	0	bicycle_s_000537.png
251	1	moped_s_000169.png
252	1	motorcycle_s_001453.png
298	0	safety_bike_s_000482.png
370	1	dirt_bike_s_000124.png
378	2	pickup_s_001180.png
390	1	minibike_s_001863.png
392	1	minibike_s_001177.png
404	2	pickup_s_001808.png
408	1	motorcycle_s_001792.png
451	2	pickup_s_000169.png
465	2	pickup_s_000872.png
560	1	minibike_s_001969.png
575	0	velocipede_s_001585.png
576	1	moped_s_000035.png
663	0	bike_s_000256.png
682	1	minibike_s_000571.png
785	1	motorcycle_s_001119.png
806	2	pickup_s_000479.png
839	1	moped_s_000009.png
921	0	ordinary_bicycle_s_000023.png
922	1	motorcycle_s_001693.png
963	2	pickup_truck_s_001463.png
964	0	safety_bicycle_s_001570.png
984	0	safety_bike_s_000989.png
996	0	bicycle_s_001673.png
1023	0	ordinary_bicycle_s_000100.png
1114	0	bike_s_000544.png
1132	1	motorcycle_s_001368.png
1158	0	bicycle_s_000392.png
1170	1	motorbike_s_000221.png
1179	2	pickup_s_000232.png
1211	2	pickup_truck_s_000832.png
1255	0	safety_bike_s_000311.png
1276	2	pickup_s_000230.png
1290	0	cycle_s_001745.png
1334	1	motorcycle_s_002030.png
1357	1	motorcycle_s_000074.png
1362	0	cycle_s_002978.png
1363	2	pickup_truck_s_001653.png
1364	2	pickup_s_001000.png
1422	2	pickup_truck_s_000013.png
1457	0	bike_s_001679.png
1555	0	bicycle_s_000536.png
1564	0	bike_s_000926.png
1596	2	pickup_s_001135.png
1644	1	motorcycle_s_000070.png
1740	2	pickup_s_000234.png
1747	0	safety_bicycle_s_000655.png
1818	0	safety_bicycle_s_000427.png
1832	2	pickup_s_002116.png
1839	2	pickup_truck_s_001411.png
1841	1	minibike_s_000324.png
1868	2	pickup_truck_s_002064.png
1885	1	minibike_s_001631.png
1933	2	pickup_s_000229.png
1942	1	motorcycle_s_000629.png
1964	1	motorcycle_s_000605.png
1965	1	motorcycle_s_001973.png
2010	0	bike_s_000555.png
2030	2	pickup_s_001173.png
2079	0	bicycle_s_002762.png
2105	0	bicycle_s_000778.png
2163	0	bike_s_001613.png
2296	1	motorcycle_s_001180.png
2319	1	minibike_s_001279.png
2396	2	pickup_truck_s_000629.png
2436	2	pickup_truck_s_001586.png
2499	1	minibike_s_000451.png
2525	1	motorbike_s_000346.png
2563	2	pickup_truck_s_001625.png
2568	2	pickup_truck_s_002092.png
2598	1	minibike_s_000117.png
2599	0	bicycle_s_001448.png
2631	2	pickup_s_001786.png
2646	2	pickup_s_001376.png
2750	2	pickup_truck_s_000012.png
2788	2	pickup_s_001806.png
2790	1	motorcycle_s_000790.png
2826	2	pickup_s_000328.png
2838	0	bicycle_s_002373.png
2852	0	safety_bicycle_s_001202.png
2867	2	pickup_truck_s_000968.png
2874	2	pickup_truck_s_000609.png
2875	2	pickup_s_000313.png
2937	2	pickup_s_001534.png
2952	1	motorcycle_s_000001.png
2973	0	bike_s_001882.png
3051	2	pickup_s_001970.png
3053	0	bike_s_001113.png
3135	2	pickup_truck_s_001178.png
3159	2	pickup_truck_s_000145.png
3162	1	minibike_s_000362.png
3228	0	cycle_s_000718.png
3246	2	pickup_truck_s_000415.png
3247	2	pickup_truck_s_000467.png
3286	0	velocipede_s_001338.png
3337	2	pickup_truck_s_002240.png
3450	2	pickup_s_002004.png
3464	1	minibike_s_001972.png
3521	2	pickup_s_001730.png
3566	0	ordinary_bicycle_s_000107.png
3574	1	motorcycle_s_000776.png
3584	0	safety_bike_s_000934.png
3597	0	bicycle_s_002218.png
3616	0	safety_bicycle_s_001240.png
3652	2	pickup_s_000888.png
3653	0	ordinary_bicycle_s_000355.png
3676	1	motorcycle_s_000454.png
3747	2	pickup_truck_s_001180.png
3817	1	motorcycle_s_000245.png
3912	2	pickup_truck_s_000172.png
3916	2	pickup_s_002171.png
3923	1	minibike_s_000743.png
3954	0	safety_bike_s_000830.png
4015	2	pickup_s_001768.png
4027	1	minibike_s_001573.png
4036	1	motorbike_s_000141.png
4060	2	pickup_truck_s_002468.png
4097	1	minibike_s_000652.png
4121	2	pickup_truck_s_002517.png
4197	1	motorbike_s_000058.png
4204	2	pickup_s_000438.png
4207	0	bicycle_s_000279.png
4212	0	safety_bike_s_001608.png
4221	0	bicycle_s_000522.png
4291	0	bicycle_s_002569.png
4320	0	bicycle_s_000829.png
4338	2	pickup_truck_s_001686.png
4347	2	pickup_s_000707.png
4367	0	velocipede_s_000586.png
4416	1	dirt_bike_s_000017.png
4437	0	cycle_s_001640.png
4448	0	bicycle_s_000282.png
4470	2	pickup_s_001398.png
4478	1	motorcycle_s_000713.png
4509	1	bike_s_000035.png
4600	0	bike_s_000299.png
4654	1	minibike_s_002198.png
4675	2	pickup_truck_s_000138.png
4690	0	safety_bicycle_s_001253.png
4693	1	minibike_s_000110.png
4779	1	motorcycle_s_001370.png
4803	1	motorcycle_s_001363.png
4838	0	ordinary_bicycle_s_000060.png
4843	2	pickup_truck_s_001353.png
4880	1	minibike_s_001653.png
4898	2	pickup_truck_s_000773.png
4900	0	bicycle_s_001338.png
4911	0	cycle_s_002053.png
4921	0	velocipede_s_001056.png
4957	1	minibike_s_000402.png
4997	1	motorbike_s_000124.png
5001	0	cycle_s_002638.png
5010	2	pickup_s_000161.png
5033	0	velocipede_s_000949.png
5051	2	pickup_s_000239.png
5123	2	pickup_truck_s_000836.png
5152	0	safety_bike_s_000921.png
5176	2	pickup_truck_s_000202.png
5213	0	ordinary_bicycle_s_000297.png
5256	2	pickup_s_000948.png
5268	2	pickup_truck_s_000017.png
5312	1	motorcycle_s_001580.png
5352	0	velocipede_s_000139.png
5375	0	bicycle_s_000561.png
5386	0	ordinary_bicycle_s_000161.png
5403	1	minibike_s_000518.png
5551	1	motorcycle_s_000167.png
5566	0	cycle_s_000318.png
5588	0	velocipede_s_001958.png
5611	2	pickup_s_000954.png
5640	0	ordinary_bicycle_s_000201.png
5757	0	bike_s_001462.png
5759	0	bicycle_s_000437.png
5771	2	pickup_truck_s_002657.png
5830	0	velocipede_s_000825.png
5866	0	safety_bike_s_000100.png
5882	1	minibike_s_000654.png
5886	0	bicycle_s_000021.png
5889	2	pickup_truck_s_000647.png
5897	2	pickup_s_002173.png
5971	2	pickup_s_000794.png
5975	1	moped_s_000030.png
5998	2	pickup_truck_s_000620.png
6011	2	pickup_truck_s_001431.png
6070	0	velocipede_s_001142.png
6084	1	motorbike_s_000117.png
6092	0	ordinary_bicycle_s_000036.png
6123	1	motorcycle_s_000787.png
6171	2	pickup_s_000321.png
6213	2	pickup_s_000059.png
6222	0	bike_s_000516.png
6252	1	motorcycle_s_000256.png
6293	0	bicycle_s_002299.png
6330	0	velocipede_s_001883.png
6333	1	motorcycle_s_002143.png
6386	0	cycle_s_000899.png
6423	2	pickup_s_000705.png
6476	2	pickup_s_000242.png
6519	0	bicycle_s_002436.png
6540	0	safety_bicycle_s_000255.png
6687	1	minibike_s_000565.png
6701	0	bike_s_000034.png
6710	1	motorcycle_s_001064.png
6717	2	pickup_truck_s_000980.png
6718	1	minibike_s_001017.png
6733	1	motorbike_s_000172.png
6741	1	motorcycle_s_000923.png
6770	2	pickup_truck_s_001580.png
6779	2	pickup_truck_s_002564.png
6780	2	pickup_s_001915.png
6805	2	pickup_truck_s_000699.png
6832	0	cycle_s_000583.png
6853	1	motorcycle_s_000991.png
6870	1	motorbike_s_000541.png
6895	1	motorcycle_s_001303.png
6903	0	safety_bike_s_000567.png
6915	2	pickup_s_000704.png
6960	2	pickup_s_000226.png
7001	2	pickup_truck_s_002147.png
7008	2	pickup_s_001757.png
7012	2	pickup_truck_s_002618.png
7026	1	minibike_s_000350.png
7070	1	motorcycle_s_001905.png
7101	0	bicycle_s_001247.png
7105	0	bicycle_s_001693.png
7119	0	bicycle_s_002258.png
7120	0	safety_bike_s_001552.png
7137	0	cycle_s_002651.png
7150	2	pickup_truck_s_000682.png
7161	0	bicycle_s_000759.png
7185	1	motorcycle_s_001176.png
7222	2	pickup_s_000608.png
7229	0	ordinary_bicycle_s_000432.png
7253	1	minibike_s_000526.png
7255	0	safety_bicycle_s_001049.png
7282	1	minibike_s_001827.png
7286	0	bike_s_001072.png
7305	2	pickup_s_002194.png
7326	2	pickup_s_001456.png
7362	0	bike_s_001876.png
7408	2	pickup_s_001474.png
7505	1	minibike_s_001511.png
7517	0	bike_s_000237.png
7650	1	motorbike_s_000254.png
7699	0	bicycle_s_000180.png
7715	0	safety_bicycle_s_000359.png
7719	1	motorcycle_s_000220.png
7732	1	motorcycle_s_002225.png
7843	2	pickup_truck_s_001981.png
7848	2	pickup_s_001200.png
7882	2	pickup_s_002104.png
7896	1	minibike_s_001185.png
7902	2	pickup_s_002199.png
7928	2	pickup_truck_s_001978.png
7943	1	motorcycle_s_000025.png
7946	0	safety_bike_s_000058.png
7976	1	dirt_bike_s_000030.png
8101	2	technical_s_000046.png
8119	2	pickup_s_001919.png
8135	2	pickup_s_000256.png
8138	1	minibike_s_002009.png
8153	0	bicycle_s_000753.png
8182	2	pickup_truck_s_000713.png
8191	0	safety_bicycle_s_001320.png
8200	2	pickup_s_001890.png
8209	1	motorcycle_s_001287.png
8222	0	ordinary_bicycle_s_000451.png
8236	2	pickup_s_000960.png
8247	1	minibike_s_000885.png
8322	1	motorcycle_s_000418.png
8355	0	velocipede_s_000282.png
8408	0	cycle_s_001474.png
8419	2	pickup_s_001294.png
8420	2	pickup_truck_s_001554.png
8509	0	bicycle_s_000667.png
8533	1	minibike_s_001546.png
8545	0	bicycle_s_001452.png
8579	1	motorcycle_s_000978.png
8585	1	motorcycle_s_000447.png
8595	1	minibike_s_000146.png
8635	2	pickup_s_002145.png
8657	1	motorcycle_s_000300.png
8674	0	safety_bicycle_s_001381.png
8715	0	bike_s_001519.png
8740	1	minibike_s_001689.png
8744	0	bike_s_001320.png
8780	0	bike_s_000722.png
8797	1	motorcycle_s_000508.png
8827	2	pickup_truck_s_002112.png
8868	1	motorcycle_s_002105.png
8885	1	minibike_s_000165.png
8915	2	pickup_truck_s_001251.png
8933	0	cycle_s_002703.png
8988	2	pickup_truck_s_001252.png
9006	0	ordinary_bicycle_s_000216.png
9007	2	pickup_s_000308.png
9035	1	motorcycle_s_001610.png
9066	0	cycle_s_002779.png
9074	0	bicycle_s_000668.png
9089	1	minibike_s_002186.png
9094	0	bike_s_002118.png
9101	0	safety_bike_s_001472.png
9132	0	ordinary_bicycle_s_000016.png
9137	1	motorcycle_s_001384.png
9199	1	motorcycle_s_000431.png
9230	0	bike_s_000302.png
9317	0	velocipede_s_000659.png
9328	1	motorcycle_s_001585.png
9356	0	bike_s_001027.png
9439	0	bicycle_s_000396.png
9455	1	minibike_s_000149.png
9518	0	velocipede_s_000702.png
9534	0	ordinary_bicycle_s_000155.png
9540	2	pickup_truck_s_000642.png
9559	2	pickup_truck_s_002729.png
9572	0	cycle_s_003122.png
9599	2	pickup_s_000748.png
9601	1	motorbike_s_000021.png
9614	0	safety_bicycle_s_001026.png
9615	0	bike_s_001375.png
9631	2	pickup_truck_s_000394.png
9650	0	safety_bicycle_s_000533.png
9657	0	bike_s_000021.png
9675	2	pickup_s_001406.png
9743	1	minibike_s_000968.png
9797	1	minibike_s_001873.png
9827	0	bicycle_s_000463.png
9893	2	pickup_s_000827.png
9959	2	pickup_truck_s_001449.png
9972	0	bike_s_001839.png
9988	2	pickup_s_000138.png
10000	1	minibike_s_000340.png
10050	1	minibike_s_000831.png
10083	1	motorcycle_s_001273.png
10091	1	motorcycle_s_000807.png
10098	0	bicycle_s_000156.png
10129	1	motorcycle_s_000732.png
10170	2	pickup_truck_s_000023.png
10181	2	pickup_truck_s_001531.png
10327	2	pickup_s_000890.png
10377	1	dirt_bike_s_000119.png
10378	2	pickup_truck_s_000772.png
10468	0	bicycle_s_000231.png
10477	0	ordinary_bicycle_s_000056.png
10504	0	ordinary_bicycle_s_000022.png
10523	0	safety_bicycle_s_001243.png
10537	2	pickup_truck_s_002005.png
10557	1	motorcycle_s_000894.png
10571	1	motorcycle_s_001397.png
10608	1	motorcycle_s_000542.png
10620	1	motorcycle_s_000834.png
10632	1	motorcycle_s_001238.png
10665	1	minibike_s_000567.png
10685	2	pickup_truck_s_001684.png
10741	1	minibike_s_001512.png
10762	0	bike_s_001945.png
10769	2	pickup_truck_s_002258.png
10794	0	cycle_s_003148.png
10798	0	safety_bicycle_s_000019.png
10804	2	pickup_truck_s_001426.png
10866	2	pickup_s_000604.png
10885	2	pickup_s_001088.png
10951	0	safety_bicycle_s_000167.png
11029	2	pickup_s_001114.png
11071	2	pickup_truck_s_001784.png
11080	1	motorcycle_s_001407.png
11103	2	pickup_truck_s_001806.png
11106	0	velocipede_s_001225.png
11174	1	moped_s_000168.png
11229	0	bicycle_s_000071.png
11248	2	pickup_s_000598.png
11262	1	minibike_s_002030.png
11307	1	minibike_s_001294.png
11311	1	minibike_s_001767.png
11381	0	safety_bike_s_000984.png
11383	0	bicycle_s_000782.png
11386	2	pickup_truck_s_001447.png
11388	0	ordinary_bicycle_s_000095.png
11451	0	cycle_s_001286.png
11617	0	bike_s_001116.png
11625	1	motorcycle_s_002065.png
11641	2	pickup_truck_s_001647.png
11653	0	ordinary_bicycle_s_000433.png
11708	1	motorcycle_s_002221.png
11717	0	safety_bike_s_000054.png
11751	0	bicycle_s_001174.png
11789	0	bicycle_s_002222.png
11819	0	velocipede_s_001361.png
11821	2	pickup_truck_s_001191.png
11955	0	safety_bike_s_001012.png
11966	2	pickup_s_001565.png
11975	1	minibike_s_000244.png
12018	2	pickup_s_000451.png
12023	0	bicycle_s_000861.png
12058	1	minibike_s_000566.png
12130	1	motorcycle_s_001244.png
12139	2	pickup_s_001748.png
12188	0	bicycle_s_002715.png
12219	2	pickup_truck_s_001915.png
12231	0	safety_bike_s_000963.png
12265	1	motorcycle_s_001765.png
12296	0	velocipede_s_000021.png
12305	2	pickup_s_001956.png
12308	2	pickup_truck_s_000876.png
12351	2	pickup_truck_s_000960.png
12360	2	pickup_s_001779.png
12449	2	pickup_truck_s_002033.png
12633	1	motorcycle_s_000580.png
12644	2	pickup_truck_s_001574.png
12657	2	pickup_truck_s_001688.png
12694	2	pickup_truck_s_000636.png
12760	2	pickup_truck_s_001668.png
12764	2	pickup_truck_s_002246.png
12767	0	bike_s_001226.png
12822	1	motorcycle_s_000440.png
12845	1	motorcycle_s_000144.png
12895	2	pickup_s_000507.png
12964	0	cycle_s_002844.png
13009	1	minibike_s_000485.png
13052	2	pickup_truck_s_000126.png
13089	0	ordinary_bicycle_s_000426.png
13279	1	minibike_s_002196.png
13281	2	pickup_truck_s_000331.png
13295	0	bike_s_001897.png
13298	0	cycle_s_001374.png
13322	1	motorcycle_s_000585.png
13327	0	bike_s_000026.png
13482	0	bicycle_s_000235.png
13490	2	pickup_truck_s_001670.png
13495	2	pickup_truck_s_001221.png
13520	1	minibike_s_000108.png
13532	1	motorcycle_s_000072.png
13576	1	motorcycle_s_002234.png
13582	0	bicycle_s_000785.png
13642	1	motorcycle_s_000669.png
13684	0	bicycle_s_000051.png
13692	0	bike_s_001093.png
13716	0	velocipede_s_000049.png
13740	1	bike_s_000023.png
13762	1	motorcycle_s_001696.png
13772	0	safety_bicycle_s_001113.png
13775	2	pickup_truck_s_001539.png
13786	1	motorcycle_s_000451.png
13800	2	pickup_truck_s_002044.png
13809	0	velocipede_s_000485.png
13860	1	motorcycle_s_001753.png
13879	0	cycle_s_001439.png
13890	2	pickup_truck_s_001167.png
13997	1	minibike_s_002038.png
14027	0	bicycle_s_000147.png
14067	0	cycle_s_002399.png
14093	2	pickup_s_001286.png
14197	1	motorcycle_s_001565.png
14254	0	bicycle_s_000159.png
14297	2	pickup_s_000222.png
14306	1	minibike_s_000035.png
14312	0	safety_bicycle_s_000239.png
14369	0	safety_bike_s_001640.png
14418	1	minibike_s_000698.png
14437	1	minibike_s_000967.png
14485	0	safety_bike_s_000381.png
14504	1	motorcycle_s_000216.png
14551	0	bike_s_000855.png
14563	2	pickup_s_000517.png
14623	2	pickup_truck_s_000586.png
14679	1	motorcycle_s_001715.png
14715	1	motorcycle_s_002275.png
14760	2	pickup_truck_s_001565.png
14783	0	safety_bike_s_001338.png
14786	0	safety_bicycle_s_001705.png
14801	2	pickup_s_000600.png
14922	2	pickup_s_001011.png
14966	2	pickup_truck_s_002482.png
14981	2	pickup_s_000142.png
15007	1	minibike_s_000855.png
15036	0	bicycle_s_002132.png
15054	2	pickup_s_000131.png
15070	2	pickup_s_000698.png
15083	1	minibike_s_000218.png
15108	0	safety_bike_s_000178.png
15130	1	motorcycle_s_001584.png
15139	2	pickup_s_001812.png
15142	2	pickup_truck_s_002641.png
15177	0	safety_bicycle_s_000162.png
15184	2	pickup_truck_s_001654.png
15193	1	motorcycle_s_001392.png
15237	2	pickup_s_000755.png
15267	0	bicycle_s_001814.png
15302	2	pickup_s_000442.png
15312	1	motorbike_s_000362.png
15323	2	pickup_s_000505.png
15335	1	minibike_s_000519.png
15352	1	minibike_s_001417.png
15361	0	safety_bike_s_000277.png
15385	0	cycle_s_002090.png
15431	2	pickup_s_000151.png
15444	0	bicycle_s_001168.png
15447	1	minibike_s_000498.png
15471	2	pickup_s_002045.png
15492	2	pickup_s_000103.png
15535	1	motorcycle_s_001400.png
15549	2	pickup_s_001471.png
15564	1	motorcycle_s_000320.png
15569	1	minibike_s_001734.png
15600	0	cycle_s_002659.png
15640	2	pickup_truck_s_000146.png
15641	0	bike_s_000990.png
15733	0	velocipede_s_000358.png
15756	0	safety_bicycle_s_000568.png
15809	2	pickup_s_001109.png
15830	1	motorcycle_s_000312.png
15851	1	motorcycle_s_001686.png
15867	0	cycle_s_001472.png
15888	1	minibike_s_000064.png
15921	2	pickup_truck_s_000097.png
15952	2	pickup_truck_s_000072.png
16015	0	safety_bike_s_001784.png
16093	1	motorcycle_s_002236.png
16124	1	minibike_s_000020.png
16150	1	motorcycle_s_001182.png
16185	0	bicycle_s_000781.png
16226	2	pickup_s_002275.png
16271	0	ordinary_bicycle_s_000167.png
16285	0	cycle_s_002666.png
16380	1	dirt_bike_s_000134.png
16386	2	pickup_truck_s_000201.png
16402	0	bike_s_000015.png
16416	0	bike_s_001767.png
16417	1	motorcycle_s_001790.png
16448	0	bike_s_001915.png
16479	0	bike_s_001415.png
16497	1	motorbike_s_000578.png
16529	2	pickup_truck_s_000171.png
16565	0	safety_bicycle_s_000532.png
16568	0	ordinary_bicycle_s_000049.png
16574	1	minibike_s_001639.png
16606	0	bike_s_000129.png
16609	1	minibike_s_001565.png
16657	2	pickup_s_001244.png
16660	0	bike_s_002203.png
16701	1	minibike_s_000401.png
16728	2	pickup_s_000928.png
16795	2	pickup_truck_s_001660.png
16800	0	safety_bicycle_s_001608.png
16839	0	velocipede_s_000670.png
16848	2	pickup_truck_s_002631.png
16973	2	pickup_truck_s_002635.png
17049	0	safety_bicycle_s_000207.png
17073	1	motorcycle_s_001853.png
17125	0	bike_s_002222.png
17129	2	pickup_truck_s_000614.png
17160	1	motorcycle_s_000004.png
17165	1	motorcycle_s_000496.png
17220	1	motorcycle_s_001492.png
17250	0	bike_s_001761.png
17257	0	velocipede_s_001299.png
17308	2	pickup_s_000011.png
17310	0	bike_s_000040.png
17357	2	pickup_truck_s_002457.png
17373	0	cycle_s_003162.png
17374	2	pickup_s_001461.png
17379	0	velocipede_s_001880.png
17397	2	pickup_truck_s_000834.png
17471	0	bike_s_002139.png
17481	0	bicycle_s_001583.png
17517	0	safety_bicycle_s_001706.png
17540	0	bike_s_001200.png
17597	2	pickup_truck_s_000162.png
17648	1	motorcycle_s_000699.png
17662	2	pickup_truck_s_001696.png
17720	2	pickup_truck_s_002439.png
17730	0	cycle_s_000492.png
17912	2	pickup_s_001482.png
17971	0	cycle_s_000222.png
17988	1	motorcycle_s_002162.png
18020	1	minibike_s_000409.png
18164	0	cycle_s_001735.png
18232	0	bike_s_000657.png
18284	2	pickup_truck_s_001683.png
18292	2	pickup_s_001162.png
18322	0	safety_bike_s_000643.png
18327	0	bike_s_000506.png
18364	2	pickup_truck_s_001509.png
18462	1	minibike_s_001348.png
18518	1	moped_s_000065.png
18524	2	pickup_truck_s_001408.png
18556	0	bicycle_s_002729.png
18653	2	pickup_truck_s_001137.png
18664	0	bicycle_s_001687.png
18671	0	bicycle_s_002338.png
18787	1	motorcycle_s_000459.png
18794	0	bike_s_000593.png
18796	0	velocipede_s_001422.png
18822	2	pickup_s_000129.png
18831	0	ordinary_bicycle_s_000347.png
18892	1	minibike_s_001870.png
18951	0	bicycle_s_001757.png
18964	2	pickup_s_000021.png
18995	1	motorcycle_s_001016.png
19015	1	motorbike_s_000041.png
19021	0	bike_s_000522.png
19152	0	ordinary_bicycle_s_000104.png
19154	0	bike_s_000397.png
19336	1	minibike_s_000802.png
19340	2	pickup_s_000416.png
19343	1	trail_bike_s_000016.png
19351	1	motorcycle_s_000686.png
19360	2	pickup_truck_s_000358.png
19502	2	pickup_s_001469.png
19511	0	velocipede_s_001935.png
19518	0	safety_bike_s_000165.png
19532	1	motorbike_s_000308.png
19550	2	pickup_s_000511.png
19628	0	bike_s_000018.png
19675	0	cycle_s_001976.png
19701	1	minibike_s_000741.png
19743	1	motorcycle_s_001236.png
19849	1	moped_s_000071.png
19925	0	bike_s_000164.png
19933	0	bike_s_001739.png
19941	0	bicycle_s_001388.png
19958	0	bicycle_s_000149.png
19968	2	pickup_truck_s_000994.png
19972	1	motorcycle_s_002197.png
20177	1	motorcycle_s_000277.png
20221	1	motorcycle_s_001690.png
20237	1	minibike_s_002048.png
20267	1	motorcycle_s_000253.png
20285	2	pickup_s_001500.png
20308	2	pickup_truck_s_001802.png
20397	0	safety_bike_s_001010.png
20498	1	motorcycle_s_000785.png
20548	0	ordinary_bicycle_s_000387.png
20580	0	cycle_s_001309.png
20601	1	motorcycle_s_002316.png
20647	1	motorcycle_s_000340.png
20650	2	pickup_s_001300.png
20677	2	pickup_truck_s_001071.png
20684	1	moped_s_000124.png
20712	1	minibike_s_001917.png
20733	0	bicycle_s_000951.png
20774	2	pickup_s_000448.png
20806	1	motorcycle_s_000002.png
20842	1	motorcycle_s_001063.png
20870	1	motorcycle_s_001641.png
20982	0	bicycle_s_002129.png
20985	1	minibike_s_002182.png
21067	1	minibike_s_000427.png
21077	1	motorcycle_s_001438.png
21251	2	pickup_truck_s_000624.png
21254	2	pickup_s_001078.png
21295	2	pickup_truck_s_000178.png
21309	1	motorcycle_s_000126.png
21351	2	pickup_truck_s_000500.png
21352	2	pickup_truck_s_000618.png
21495	2	pickup_s_000124.png
21529	2	pickup_s_000228.png
21533	2	pickup_s_000231.png
21584	1	minibike_s_001865.png
21687	1	motorcycle_s_000456.png
21730	1	motorcycle_s_000252.png
21736	2	pickup_truck_s_000863.png
21944	2	pickup_s_000258.png
21945	0	bicycle_s_000043.png
21956	0	bicycle_s_001928.png
21959	0	safety_bike_s_000173.png
21969	2	pickup_truck_s_002234.png
21987	2	pickup_truck_s_000708.png
22003	1	motorcycle_s_000696.png
22004	1	motorcycle_s_001413.png
22005	0	safety_bicycle_s_001303.png
22026	1	motorcycle_s_001220.png
22028	0	safety_bicycle_s_000079.png
22116	0	bicycle_s_001681.png
22127	2	pickup_truck_s_000725.png
22173	0	cycle_s_002015.png
22237	0	cycle_s_002746.png
22275	1	minibike_s_001250.png
22303	0	safety_bicycle_s_000303.png
22304	0	bike_s_000392.png
22331	2	pickup_truck_s_000074.png
22355	1	minibike_s_000408.png
22402	2	pickup_s_000716.png
22403	0	safety_bike_s_001355.png
22480	1	motorcycle_s_000076.png
22489	2	pickup_truck_s_001483.png
22516	0	safety_bicycle_s_000322.png
22535	0	bike_s_002090.png
22564	1	motorcycle_s_000796.png
22565	1	motorbike_s_000225.png
22574	2	pickup_s_001119.png
22581	1	motorcycle_s_000050.png
22636	2	pickup_truck_s_001277.png
22661	0	bike_s_000474.png
22673	1	motorcycle_s_000127.png
22699	1	motorcycle_s_002193.png
22748	0	bicycle_s_002374.png
22760	1	minibike_s_001558.png
22786	2	pickup_truck_s_001761.png
22793	0	velocipede_s_001279.png
22807	1	minibike_s_001496.png
22811	0	bicycle_s_001411.png
22816	1	minibike_s_001072.png
22831	2	pickup_truck_s_000344.png
22849	2	pickup_s_002200.png
22852	0	bicycle_s_001688.png
22862	0	safety_bike_s_000160.png
22875	2	pickup_s_000547.png
22914	2	pickup_truck_s_000716.png
22947	1	minibike_s_000820.png
22948	0	ordinary_bicycle_s_000298.png
22967	0	bicycle_s_000314.png
22983	1	motorcycle_s_001862.png
23059	2	pickup_truck_s_002771.png
23098	2	pickup_s_000316.png
23211	2	pickup_truck_s_002770.png
23228	1	minibike_s_001575.png
23265	2	pickup_s_000610.png
23274	1	minibike_s_000709.png
23318	2	pickup_truck_s_001063.png
23335	0	velocipede_s_000931.png
23351	0	safety_bike_s_000104.png
23537	1	motorcycle_s_001197.png
23558	2	pickup_truck_s_001628.png
23587	1	motorbike_s_000115.png
23603	0	bicycle_s_002728.png
23616	0	safety_bike_s_001474.png
23669	0	bike_s_002024.png
23715	0	cycle_s_000666.png
23744	1	motorcycle_s_000617.png
23763	0	safety_bike_s_000461.png
23888	0	bike_s_001572.png
23894	2	pickup_s_002294.png
23908	1	motorcycle_s_000003.png
23986	0	bicycle_s_002029.png
24103	1	minibike_s_000701.png
24124	1	motorbike_s_000009.png
24130	1	minibike_s_001789.png
24170	1	motorcycle_s_000417.png
24182	1	motorcycle_s_000246.png
24246	1	minibike_s_000886.png
24268	2	pickup_s_001080.png
24284	1	motorcycle_s_000154.png
24343	1	minibike_s_001169.png
24411	0	cycle_s_002904.png
24412	2	pickup_s_000076.png
24438	2	pickup_s_000952.png
24461	1	motorcycle_s_000772.png
24467	0	velocipede_s_001158.png
24501	0	bicycle_s_002521.png
24505	1	minibike_s_001179.png
24570	0	bicycle_s_001111.png
24611	2	pickup_truck_s_001132.png
24655	0	bicycle_s_001205.png
24723	0	bicycle_s_000435.png
24739	2	pickup_truck_s_002236.png
24804	1	minibike_s_001771.png
24813	1	motorcycle_s_000545.png
24981	2	pickup_s_000135.png
25033	1	moped_s_000004.png
25035	0	velocipede_s_001358.png
25074	2	pickup_s_002295.png
25123	2	pickup_s_000914.png
25156	2	pickup_s_000988.png
25230	1	motorcycle_s_001402.png
25319	1	minibike_s_001836.png
25320	1	motorcycle_s_002067.png
25326	0	bicycle_s_002012.png
25346	1	motorcycle_s_000517.png
25349	1	minibike_s_001345.png
25350	1	minibike_s_000522.png
25371	1	motorcycle_s_000700.png
25374	2	pickup_s_000141.png
25476	1	motorcycle_s_001183.png
25509	0	velocipede_s_001874.png
25532	2	pickup_s_001383.png
25568	0	cycle_s_003006.png
25584	1	motorcycle_s_000170.png
25594	2	pickup_s_001918.png
25640	0	ordinary_bicycle_s_000419.png
25645	1	motorcycle_s_000284.png
25734	1	motorbike_s_000035.png
25735	2	pickup_truck_s_001769.png
25751	2	pickup_truck_s_000953.png
25841	2	pickup_truck_s_002364.png
25863	1	dirt_bike_s_000005.png
25866	1	motorcycle_s_001784.png
25871	1	motorcycle_s_001848.png
25967	2	pickup_truck_s_002156.png
26026	1	minibike_s_002046.png
26050	1	motorcycle_s_002317.png
26060	0	bike_s_001980.png
26108	0	safety_bike_s_000950.png
26114	0	bicycle_s_002237.png
26128	2	pickup_s_002231.png
26173	0	cycle_s_000042.png
26185	0	bike_s_000628.png
26216	0	bike_s_000005.png
26227	2	pickup_s_002266.png
26228	0	ordinary_bicycle_s_000324.png
26233	2	pickup_truck_s_000337.png
26235	2	pickup_truck_s_000183.png
26240	2	pickup_s_002011.png
26280	2	pickup_truck_s_000200.png
26326	1	motorcycle_s_000346.png
26371	0	safety_bicycle_s_000789.png
26468	0	ordinary_bicycle_s_000011.png
26486	1	minibike_s_001157.png
26487	0	bike_s_000051.png
26491	1	motorcycle_s_000919.png
26529	0	velocipede_s_001514.png
26545	2	pickup_truck_s_001187.png
26549	0	bike_s_001592.png
26635	0	ordinary_bicycle_s_000066.png
26648	0	bicycle_s_001470.png
26743	2	pickup_s_000238.png
26857	2	pickup_truck_s_000388.png
26890	1	motorcycle_s_001695.png
26944	1	motorcycle_s_001215.png
26948	0	bike_s_002098.png
26971	0	bike_s_001928.png
26996	2	pickup_truck_s_000196.png
27008	0	bicycle_s_001748.png
27034	2	pickup_s_000380.png
27125	1	motorcycle_s_001520.png
27132	2	pickup_s_000054.png
27134	0	safety_bicycle_s_000728.png
27154	1	motorcycle_s_000925.png
27198	0	safety_bike_s_000914.png
27219	0	safety_bike_s_001659.png
27231	2	pickup_truck_s_000288.png
27233	0	safety_bike_s_000155.png
27274	0	bicycle_s_002153.png
27301	0	safety_bike_s_001715.png
27306	0	bicycle_s_000035.png
27316	2	pickup_s_002305.png
27326	0	bicycle_s_002669.png
27345	0	bike_s_002277.png
27347	2	pickup_s_001302.png
27375	0	ordinary_bicycle_s_000265.png
27395	2	pickup_s_002278.png
27425	0	bicycle_s_000369.png
27465	2	pickup_truck_s_000717.png
27510	2	pickup_s_000137.png
27526	0	velocipede_s_001298.png
27556	2	pickup_s_001288.png
27614	1	minibike_s_001944.png
27617	2	pickup_truck_s_000049.png
27656	1	motorcycle_s_002215.png
27657	2	pickup_s_000708.png
27665	2	pickup_truck_s_000955.png
27685	2	pickup_s_000147.png
27691	0	ordinary_bicycle_s_000008.png
27720	2	pickup_truck_s_000226.png
27747	0	bicycle_s_000491.png
27777	1	motorcycle_s_000146.png
27788	1	minibike_s_001261.png
27808	0	safety_bicycle_s_000140.png
27865	2	pickup_s_001852.png
27920	1	motorcycle_s_000407.png
27939	2	pickup_s_000019.png
27945	2	pickup_s_000128.png
27961	1	minibike_s_000099.png
27963	1	motorcycle_s_001767.png
28014	0	safety_bike_s_000263.png
28051	1	motorcycle_s_001205.png
28062	1	motorbike_s_000134.png
28067	0	safety_bike_s_000245.png
28073	1	motorcycle_s_000422.png
28147	1	minibike_s_000800.png
28259	1	minibike_s_001829.png
28288	2	pickup_truck_s_001284.png
28295	1	minibike_s_002124.png
28311	0	bike_s_001414.png
28368	1	motorcycle_s_000423.png
28396	1	motorcycle_s_001435.png
28421	1	motorcycle_s_001237.png
28424	1	motorcycle_s_001878.png
28500	0	cycle_s_002093.png
28530	0	velocipede_s_000265.png
28559	0	bike_s_001847.png
28571	2	pickup_s_000768.png
28624	2	pickup_s_000702.png
28698	0	cycle_s_000463.png
28702	2	pickup_truck_s_001900.png
28756	2	pickup_s_000206.png
28879	1	motorcycle_s_002140.png
28898	1	motorcycle_s_001246.png
29044	0	bike_s_001517.png
29119	1	motorcycle_s_000219.png
29180	1	motorbike_s_000501.png
29185	0	velocipede_s_001872.png
29236	1	motorcycle_s_001337.png
29237	1	motorcycle_s_000169.png
29245	1	motorcycle_s_000347.png
29246	2	pickup_s_001380.png
29312	2	pickup_truck_s_000155.png
29351	0	ordinary_bicycle_s_000274.png
29402	2	pickup_truck_s_000743.png
29430	0	safety_bicycle_s_000196.png
29522	2	pickup_truck_s_001484.png
29550	0	bicycle_s_002049.png
29553	1	minibike_s_000010.png
29586	1	motorcycle_s_002121.png
29649	2	pickup_s_002148.png
29653	2	pickup_truck_s_001805.png
29700	2	pickup_truck_s_000632.png
29724	2	pickup_s_000907.png
29738	2	pickup_truck_s_000014.png
29759	2	pickup_s_002055.png
29825	1	motorbike_s_000060.png
29857	1	motorbike_s_000534.png
29875	2	pickup_truck_s_002469.png
29883	2	pickup_truck_s_001739.png
29923	0	ordinary_bicycle_s_000286.png
29966	0	bicycle_s_000723.png
29988	0	bicycle_s_000066.png
30008	1	motorcycle_s_000741.png
30082	2	pickup_truck_s_001729.png
30094	2	pickup_s_001365.png
30120	2	pickup_truck_s_000244.png
30142	2	pickup_s_001125.png
30190	2	pickup_truck_s_002157.png
30191	2	pickup_s_001315.png
30247	1	minibike_s_001168.png
30293	1	bike_s_000001.png
30301	1	minibike_s_001491.png
30311	2	pickup_truck_s_000736.png
30320	2	pickup_s_001177.png
30395	1	motorcycle_s_000430.png
30408	2	pickup_truck_s_002553.png
30458	2	pickup_s_000002.png
30480	2	pickup_truck_s_001346.png
30497	1	motorcycle_s_000026.png
30526	0	bicycle_s_002448.png
30584	0	cycle_s_001412.png
30591	2	pickup_truck_s_000474.png
30611	1	motorcycle_s_000714.png
30617	2	pickup_truck_s_000828.png
30648	2	pickup_s_000325.png
30663	2	pickup_s_001866.png
30699	2	pickup_truck_s_000726.png
30896	2	pickup_truck_s_002544.png
30959	1	motorcycle_s_000319.png
30971	0	safety_bicycle_s_001254.png
30994	2	pickup_truck_s_000021.png
31026	0	ordinary_bicycle_s_000205.png
31105	0	bicycle_s_002400.png
31122	2	pickup_truck_s_002543.png
31152	2	pickup_truck_s_000272.png
31164	1	motorcycle_s_001126.png
31181	0	bike_s_000364.png
31186	2	pickup_truck_s_001421.png
31209	0	ordinary_bicycle_s_000096.png
31230	0	bike_s_000204.png
31243	1	motorcycle_s_001181.png
31260	1	minibike_s_001450.png
31306	2	pickup_truck_s_001626.png
31319	1	minibike_s_000130.png
31343	1	motorcycle_s_002214.png
31370	1	motorcycle_s_001263.png
31378	1	minibike_s_000568.png
31381	0	bicycle_s_000774.png
31430	2	pickup_s_000924.png
31436	2	pickup_s_001003.png
31476	0	ordinary_bicycle_s_000125.png
31491	2	pickup_truck_s_002142.png
31518	1	minibike_s_001731.png
31528	0	bicycle_s_000243.png
31557	2	pickup_truck_s_000143.png
31601	1	motorcycle_s_000029.png
31654	0	velocipede_s_000023.png
31692	2	pickup_truck_s_001134.png
31706	1	minibike_s_001701.png
31779	0	ordinary_bicycle_s_000035.png
31882	0	safety_bike_s_000244.png
31889	0	bicycle_s_000137.png
31900	1	motorbike_s_000331.png
31941	2	pickup_s_000422.png
31954	1	motorcycle_s_000120.png
31977	2	pickup_s_000565.png
32023	0	velocipede_s_000989.png
32078	1	moped_s_000135.png
32143	0	bicycle_s_000569.png
32183	0	safety_bicycle_s_001699.png
32288	2	pickup_truck_s_001232.png
32320	0	bicycle_s_000399.png
32321	0	bike_s_002033.png
32359	2	pickup_s_000381.png
32364	2	pickup_truck_s_000956.png
32383	2	pickup_s_002227.png
32392	0	ordinary_bicycle_s_000280.png
32461	2	pickup_s_000700.png
32551	0	bike_s_002283.png
32573	0	cycle_s_001413.png
32617	2	pickup_s_000241.png
32652	1	dirt_bike_s_000059.png
32674	1	motorcycle_s_001699.png
32677	1	motorcycle_s_000687.png
32701	2	pickup_truck_s_001651.png
32713	0	bike_s_000304.png
32717	2	pickup_truck_s_002356.png
32746	1	motorcycle_s_002192.png
32772	2	pickup_s_001284.png
32788	1	motorcycle_s_000887.png
32842	0	bike_s_002042.png
32849	0	bicycle_s_000467.png
32860	2	pickup_s_000832.png
32867	2	pickup_truck_s_002472.png
32868	1	motorcycle_s_001706.png
32974	1	minibike_s_002176.png
32988	2	pickup_s_001451.png
32999	0	safety_bicycle_s_000760.png
33007	2	pickup_s_000504.png
33025	0	bicycle_s_000546.png
33028	2	pickup_truck_s_002424.png
33063	2	pickup_s_000792.png
33075	0	safety_bike_s_000158.png
33078	0	bicycle_s_001679.png
33128	1	motorcycle_s_000924.png
33226	0	bicycle_s_000996.png
33274	1	motorcycle_s_000432.png
33374	2	pickup_truck_s_001513.png
33385	0	ordinary_bicycle_s_000277.png
33388	0	bike_s_002164.png
33413	1	minibike_s_000036.png
33457	1	motorbike_s_000062.png
33501	1	motorcycle_s_000133.png
33544	0	safety_bike_s_000328.png
33548	0	safety_bicycle_s_001028.png
33569	1	minibike_s_001506.png
33570	1	motorcycle_s_001549.png
33609	0	bike_s_002292.png
33617	2	pickup_truck_s_002481.png
33641	2	pickup_s_001346.png
33651	2	pickup_s_000043.png
33668	1	bike_s_000121.png
33726	2	pickup_s_000459.png
33727	2	pickup_s_000715.png
33739	2	pickup_truck_s_001293.png
33856	1	motorcycle_s_001167.png
33858	0	bicycle_s_000124.png
33867	2	pickup_truck_s_002545.png
33870	1	motorcycle_s_002237.png
33899	2	pickup_truck_s_000473.png
33934	2	pickup_s_000971.png
33948	0	velocipede_s_001870.png
34033	2	pickup_s_002026.png
34039	1	moped_s_000119.png
34076	1	minibike_s_000121.png
34107	2	pickup_truck_s_002518.png
34145	1	motorcycle_s_000928.png
34150	1	minibike_s_001881.png
34172	0	bike_s_000679.png
34221	1	motorcycle_s_002183.png
34229	2	pickup_truck_s_001923.png
34346	0	bike_s_000111.png
34354	0	bike_s_001260.png
34391	0	safety_bicycle_s_000660.png
34397	1	motorcycle_s_000695.png
34413	0	safety_bicycle_s_000233.png
34434	1	motorcycle_s_000792.png
34468	1	motorcycle_s_000922.png
34469	2	pickup_s_000108.png
34500	0	bicycle_s_002711.png
34563	0	bike_s_000390.png
34611	2	pickup_truck_s_000771.png
34614	1	minibike_s_001094.png
34616	1	minibike_s_000507.png
34627	1	motorcycle_s_001213.png
34644	0	bike_s_000154.png
34685	1	motorcycle_s_000223.png
34717	0	bicycle_s_002661.png
34719	0	safety_bicycle_s_000232.png
34794	0	bicycle_s_001663.png
34808	2	pickup_s_001880.png
34826	1	motorbike_s_000463.png
34861	1	minibike_s_002137.png
34882	0	safety_bicycle_s_001651.png
34903	1	motorcycle_s_000151.png
34916	1	motorcycle_s_000217.png
34945	0	bike_s_001877.png
34972	2	pickup_truck_s_001911.png
35091	2	pickup_truck_s_001438.png
35094	0	velocipede_s_001278.png
35095	1	minibike_s_001540.png
35206	1	minibike_s_001885.png
35210	0	velocipede_s_000012.png
35211	0	bicycle_s_001956.png
35212	0	ordinary_bicycle_s_000098.png
35227	2	pickup_truck_s_001485.png
35238	0	bicycle_s_002725.png
35252	0	velocipede_s_001210.png
35272	2	pickup_s_000579.png
35368	0	bicycle_s_000039.png
35371	2	pickup_s_001860.png
35414	2	pickup_s_001561.png
35481	1	motorcycle_s_000654.png
35551	2	pickup_truck_s_002775.png
35552	0	safety_bike_s_000079.png
35589	1	motorcycle_s_002291.png
35617	0	cycle_s_002168.png
35695	0	bike_s_001078.png
35716	1	motorbike_s_000427.png
35747	1	minibike_s_001921.png
35760	1	motorcycle_s_000917.png
35813	0	velocipede_s_001920.png
35816	2	pickup_truck_s_000833.png
35817	0	cycle_s_003026.png
35858	2	pickup_truck_s_001887.png
35876	1	motorcycle_s_000543.png
35887	2	pickup_truck_s_000355.png
35928	2	pickup_truck_s_002280.png
35941	2	pickup_s_001585.png
35979	2	pickup_s_001037.png
35988	1	minibike_s_000491.png
36091	1	motorcycle_s_001439.png
36150	1	minibike_s_002084.png
36188	0	bicycle_s_000775.png
36200	1	motorcycle_s_000262.png
36253	1	moped_s_000237.png
36269	0	bicycle_s_000978.png
36286	0	bike_s_000162.png
36300	2	pickup_truck_s_001557.png
36302	1	motorbike_s_000106.png
36307	2	pickup_s_001273.png
36333	1	motorcycle_s_000136.png
36476	1	motorcycle_s_001319.png
36493	0	safety_bicycle_s_000125.png
36494	2	pickup_truck_s_000009.png
36512	0	bicycle_s_001402.png
36530	1	minibike_s_000511.png
36558	2	pickup_s_001614.png
36614	1	motorcycle_s_000332.png
36650	1	motorcycle_s_001315.png
36744	0	ordinary_bicycle_s_000031.png
36745	2	pickup_truck_s_000794.png
36887	2	pickup_s_000292.png
36907	1	motorcycle_s_000353.png
36924	2	pickup_s_000003.png
36957	1	motorcycle_s_000521.png
36996	0	safety_bicycle_s_000860.png
37008	1	motorcycle_s_002153.png
37024	0	safety_bicycle_s_000324.png
37081	0	ordinary_bicycle_s_000112.png
37096	1	motorbike_s_000068.png
37180	1	motorcycle_s_002254.png
37256	1	motorcycle_s_000989.png
37258	2	pickup_truck_s_000984.png
37320	2	pickup_truck_s_001066.png
37397	2	pickup_s_000805.png
37427	2	pickup_s_000035.png
37435	1	motorcycle_s_000622.png
37439	0	bike_s_000545.png
37452	2	pickup_s_002196.png
37469	0	ordinary_bicycle_s_000099.png
37517	0	safety_bike_s_001257.png
37539	0	bicycle_s_001203.png
37560	0	safety_bicycle_s_001085.png
37568	1	motorcycle_s_002222.png
37569	2	pickup_s_000790.png
37594	0	safety_bicycle_s_001639.png
37595	2	pickup_s_000034.png
37653	2	pickup_truck_s_001427.png
37677	2	pickup_s_001212.png
37706	2	pickup_truck_s_000604.png
37709	2	pickup_s_000006.png
37733	0	velocipede_s_001222.png
37790	1	minibike_s_000392.png
37814	0	ordinary_bicycle_s_000308.png
37824	2	pickup_truck_s_001537.png
37853	1	motorcycle_s_001896.png
37872	1	motorcycle_s_000325.png
37912	0	bicycle_s_000986.png
37918	0	safety_bicycle_s_000373.png
37958	0	safety_bicycle_s_000348.png
37983	2	pickup_s_000813.png
38017	0	bicycle_s_002005.png
38021	1	minibike_s_002130.png
38126	0	safety_bike_s_000867.png
38229	0	bicycle_s_002475.png
38230	1	minibike_s_001193.png
38244	2	pickup_truck_s_000813.png
38296	2	pickup_s_002150.png
38322	1	minibike_s_001366.png
38336	2	pickup_s_001171.png
38367	1	motorcycle_s_001711.png
38382	1	minibike_s_001275.png
38391	0	velocipede_s_001907.png
38394	2	pickup_s_000309.png
38573	1	motorcycle_s_000207.png
38588	2	pickup_truck_s_001646.png
38641	2	pickup_truck_s_002596.png
38663	2	pickup_truck_s_001366.png
38718	2	pickup_s_000020.png
38752	1	motorcycle_s_001409.png
38759	2	pickup_s_000684.png
38795	2	pickup_s_001861.png
38840	2	pickup_truck_s_002541.png
38915	0	safety_bicycle_s_000261.png
38936	1	minibike_s_000738.png
38948	2	pickup_truck_s_001528.png
38973	1	motorcycle_s_001106.png
39117	0	safety_bike_s_000198.png
39131	1	minibike_s_001479.png
39148	2	pickup_s_000564.png
39157	0	velocipede_s_000430.png
39162	2	pickup_truck_s_001910.png
39185	2	pickup_s_000199.png
39276	0	bicycle_s_001409.png
39282	1	motorcycle_s_000938.png
39287	1	motorcycle_s_000941.png
39380	0	bicycle_s_000038.png
39397	1	minibike_s_001016.png
39445	0	velocipede_s_001200.png
39632	0	bike_s_002109.png
39702	2	pickup_truck_s_000637.png
39754	0	cycle_s_002092.png
39781	1	motorcycle_s_002066.png
39782	2	pickup_truck_s_000179.png
39848	1	motorcycle_s_001920.png
39877	2	pickup_truck_s_001521.png
39888	2	pickup_truck_s_001801.png
39915	1	minibike_s_000459.png
39967	0	bicycle_s_001904.png
39971	2	pickup_s_001450.png
39972	1	minibike_s_001996.png
39990	1	motorcycle_s_001611.png
40041	0	velocipede_s_001141.png
40050	1	minibike_s_001747.png
40081	0	safety_bicycle_s_001029.png
40140	2	pickup_s_000557.png
40156	0	ordinary_bicycle_s_000029.png
40170	2	pickup_s_001497.png
40171	1	minibike_s_002163.png
40189	0	safety_bike_s_001148.png
40195	2	pickup_truck_s_000147.png
40233	2	pickup_truck_s_001865.png
40248	0	cycle_s_003008.png
40385	2	pickup_truck_s_001070.png
40455	0	bicycle_s_000099.png
40496	1	minibike_s_000429.png
40537	0	bike_s_000003.png
40549	2	pickup_s_000897.png
40561	0	cycle_s_002178.png
40644	2	pickup_s_001940.png
40686	0	cycle_s_000639.png
40797	1	motorcycle_s_000734.png
40892	1	motorcycle_s_000309.png
40951	0	bicycle_s_000371.png
40962	2	pickup_s_001774.png
40991	2	pickup_truck_s_002640.png
41043	1	minibike_s_001270.png
41044	1	minibike_s_000914.png
41048	2	pickup_truck_s_000758.png
41086	1	moped_s_000021.png
41144	1	motorcycle_s_000242.png
41180	1	minibike_s_000314.png
41215	2	pickup_s_001566.png
41294	1	motorcycle_s_000698.png
41306	1	motorcycle_s_001360.png
41343	0	ordinary_bicycle_s_000157.png
41401	2	pickup_s_002149.png
41439	1	minibike_s_001838.png
41457	2	pickup_truck_s_001391.png
41548	0	bicycle_s_002247.png
41574	2	pickup_truck_s_000501.png
41612	1	motorcycle_s_000027.png
41694	1	minibike_s_000906.png
41735	0	safety_bicycle_s_000500.png
41800	1	minibike_s_002146.png
41848	1	motorcycle_s_001242.png
41923	2	pickup_truck_s_002446.png
41982	1	motorcycle_s_001707.png
42056	0	cycle_s_003043.png
42107	0	safety_bicycle_s_001109.png
42154	0	bike_s_001131.png
42183	2	pickup_truck_s_002549.png
42193	1	motorcycle_s_001118.png
42277	2	pickup_s_001793.png
42298	2	pickup_truck_s_001797.png
42315	0	bike_s_001418.png
42317	2	pickup_s_000207.png
42359	2	pickup_truck_s_001807.png
42499	0	bicycle_s_002550.png
42539	0	bicycle_s_002100.png
42543	1	motorcycle_s_000933.png
42570	0	bicycle_s_002624.png
42613	0	safety_bicycle_s_001063.png
42732	1	motorbike_s_000361.png
42768	0	safety_bicycle_s_000193.png
42790	2	pickup_s_001581.png
42827	2	pickup_s_000148.png
42856	0	safety_bicycle_s_000092.png
42861	1	motorcycle_s_000009.png
42892	0	bicycle_s_001554.png
42995	1	motorcycle_s_001297.png
43033	0	safety_bicycle_s_000296.png
43052	0	safety_bike_s_001371.png
43087	2	pickup_s_000817.png
43110	2	pickup_s_000360.png
43220	2	pickup_s_000981.png
43316	0	bicycle_s_001569.png
43338	1	motorcycle_s_001536.png
43343	0	safety_bicycle_s_001659.png
43412	0	ordinary_bicycle_s_000102.png
43421	2	pickup_s_000411.png
43422	0	bike_s_002215.png
43434	0	bicycle_s_002410.png
43464	0	cycle_s_003147.png
43468	0	bicycle_s_002759.png
43481	1	minibike_s_000335.png
43509	2	pickup_truck_s_000230.png
43550	0	safety_bike_s_000848.png
43559	0	velocipede_s_000807.png
43573	0	bike_s_000024.png
43593	1	minibike_s_000435.png
43594	1	minibike_s_001498.png
43598	2	pickup_truck_s_000976.png
43688	0	velocipede_s_001166.png
43762	1	motorcycle_s_001012.png
43847	0	velocipede_s_000330.png
43895	1	motorcycle_s_000032.png
43957	2	pickup_s_002035.png
43961	2	pickup_truck_s_000225.png
43981	1	minibike_s_001597.png
44000	1	motorcycle_s_002298.png
44015	1	minibike_s_000102.png
44027	2	pickup_truck_s_000983.png
44047	2	pickup_s_000139.png
44142	1	motorcycle_s_001507.png
44175	2	pickup_truck_s_002445.png
44223	2	pickup_s_001853.png
44291	1	motorbike_s_000022.png
44300	1	motorcycle_s_000594.png
44351	1	minibike_s_001539.png
44423	0	bicycle_s_001228.png
44464	1	minibike_s_001344.png
44468	1	motorcycle_s_002271.png
44506	1	motorcycle_s_000791.png
44543	0	ordinary_bicycle_s_000218.png
44551	1	motorcycle_s_000221.png
44553	1	minibike_s_001691.png
44635	1	motorcycle_s_001209.png
44658	2	pickup_s_001562.png
44666	0	ordinary_bicycle_s_000101.png
44678	1	motorcycle_s_001326.png
44702	1	minibike_s_001249.png
44705	2	pickup_s_002040.png
44709	0	bicycle_s_000408.png
44710	2	pickup_s_001603.png
44848	2	pickup_s_000132.png
44862	1	minibike_s_000520.png
44863	1	minibike_s_002218.png
44927	1	minibike_s_001458.png
44943	2	pickup_truck_s_000970.png
44967	1	moped_s_000034.png
45046	1	motorbike_s_000119.png
45059	2	pickup_truck_s_002563.png
45191	1	motorcycle_s_001027.png
45206	2	pickup_s_001159.png
45233	0	cycle_s_001477.png
45303	2	pickup_truck_s_002674.png
45330	2	pickup_s_001772.png
45336	1	motorcycle_s_001710.png
45350	2	pickup_truck_s_002519.png
45393	1	minibike_s_000434.png
45412	2	pickup_s_000324.png
45442	1	motorcycle_s_000979.png
45449	0	safety_bike_s_001289.png
45460	2	pickup_truck_s_000681.png
45461	0	safety_bike_s_001560.png
45483	1	minibike_s_000011.png
45489	0	bicycle_s_001642.png
45529	1	minibike_s_000527.png
45605	0	bicycle_s_001245.png
45638	0	bike_s_000934.png
45673	0	velocipede_s_001244.png
45676	0	velocipede_s_001882.png
45687	2	pickup_s_001026.png
45692	0	bike_s_001683.png
45763	1	minibike_s_000127.png
45769	0	bicycle_s_001002.png
45797	2	pickup_truck_s_001307.png
45807	1	moped_s_000044.png
45847	1	bike_s_000025.png
45859	1	minibike_s_000690.png
45879	2	pickup_s_000172.png
45950	1	minibike_s_000022.png
45965	2	pickup_s_000789.png
45985	2	pickup_truck_s_002202.png
46022	1	motorcycle_s_001196.png
46080	2	pickup_truck_s_001341.png
46106	0	ordinary_bicycle_s_000269.png
46157	0	cycle_s_002503.png
46161	0	ordinary_bicycle_s_000097.png
46186	0	safety_bike_s_000009.png
46203	0	safety_bike_s_000015.png
46216	2	pickup_s_002076.png
46288	1	minibike_s_000613.png
46301	2	pickup_s_000460.png
46316	1	motorcycle_s_001017.png
46363	1	minibike_s_000203.png
46389	0	velocipede_s_001489.png
46406	2	pickup_s_001987.png
46515	1	minibike_s_000813.png
46535	2	pickup_truck_s_002273.png
46570	0	safety_bicycle_s_000425.png
46607	2	pickup_s_000699.png
46667	1	motorcycle_s_001622.png
46675	1	motorcycle_s_000593.png
46724	1	minibike_s_000116.png
46785	1	motorcycle_s_001563.png
46859	2	pickup_s_000703.png
46899	0	cycle_s_001875.png
46922	0	safety_bike_s_001590.png
46955	1	minibike_s_000830.png
46996	1	minibike_s_000570.png
47002	2	pickup_s_001573.png
47046	2	pickup_truck_s_001314.png
47072	2	pickup_s_001554.png
47160	2	pickup_truck_s_000987.png
47175	0	bike_s_001380.png
47180	1	moped_s_000236.png
47302	1	motorcycle_s_000339.png
47344	0	safety_bike_s_001465.png
47374	1	motorcycle_s_001714.png
47466	1	minibike_s_001191.png
47469	0	cycle_s_002882.png
47489	2	pickup_truck_s_001110.png
47510	0	bicycle_s_000822.png
47519	0	bike_s_001827.png
47567	0	ordinary_bicycle_s_000110.png
47697	2	pickup_truck_s_002253.png
47708	2	pickup_truck_s_001879.png
47721	1	minibike_s_000293.png
47772	1	motorcycle_s_000249.png
47792	0	ordinary_bicycle_s_000154.png
47840	2	pickup_truck_s_002687.png
47888	1	motorcycle_s_001527.png
48026	2	pickup_s_000071.png
48028	1	motorcycle_s_001033.png
48044	1	motorcycle_s_001709.png
48045	0	bicycle_s_001348.png
48089	1	minibike_s_002194.png
48112	1	minibike_s_001079.png
48123	2	pickup_truck_s_000079.png
48198	0	bicycle_s_000017.png
48220	1	minibike_s_001638.png
48271	1	motorcycle_s_001587.png
48294	2	pickup_s_000506.png
48295	1	motorcycle_s_000486.png
48319	2	pickup_s_000527.png
48336	2	pickup_s_000048.png
48375	1	minibike_s_001880.png
48543	2	pickup_truck_s_000530.png
48546	1	dirt_bike_s_000003.png
48553	0	bike_s_000336.png
48575	1	minibike_s_002115.png
48714	2	pickup_truck_s_001290.png
48760	1	motorbike_s_000449.png
48809	2	pickup_s_001064.png
48816	2	pickup_truck_s_000022.png
48837	1	motorcycle_s_000304.png
48857	2	pickup_truck_s_000613.png
48887	1	motorcycle_s_000022.png
48941	1	motorcycle_s_001623.png
48958	1	motorbike_s_000223.png
48980	1	motorcycle_s_000290.png
48983	2	pickup_s_000576.png
49027	2	pickup_truck_s_000056.png
49151	0	safety_bicycle_s_001327.png
49161	2	pickup_s_002157.png
49172	0	bike_s_002288.png
49176	1	minibike_s_000569.png
49192	0	bike_s_002047.png
49197	2	pickup_truck_s_001396.png
49234	2	pickup_s_000318.png
49249	1	motorcycle_s_002031.png
49301	2	pickup_s_002315.png
49424	2	pickup_s_001476.png
49452	1	bike_s_000062.png
49485	0	cycle_s_000871.png
49492	1	motorcycle_s_001778.png
49578	0	velocipede_s_000010.png
49588	1	motorcycle_s_001247.png
49640	2	pickup_s_000407.png
49797	2	pickup_truck_s_000169.png
49829	2	pickup_s_001318.png
49882	1	motorcycle_s_000724.png
49947	2	pickup_s_001697.png
49962	0	velocipede_s_001637.png
49985	1	motorcycle_s_000291.png
